#
# There is insufficient memory for the Java Runtime Environment to continue.
# Native memory allocation (malloc) failed to allocate 220816 bytes for Chunk::new
# Possible reasons:
#   The system is out of physical RAM or swap space
#   The process is running with CompressedOops enabled, and the Java Heap may be blocking the growth of the native heap
# Possible solutions:
#   Reduce memory load on the system
#   Increase physical memory or swap space
#   Check if swap backing store is full
#   Decrease Java heap size (-Xmx/-Xms)
#   Decrease number of Java threads
#   Decrease Java thread stack sizes (-Xss)
#   Set larger code cache with -XX:ReservedCodeCacheSize=
#   JVM is running with Unscaled Compressed Oops mode in which the Java heap is
#     placed in the first 4GB address space. The Java Heap base address is the
#     maximum limit for the native heap growth. Please use -XX:HeapBaseMinAddress
#     to set the Java Heap base and to place the Java Heap above 4GB virtual address.
# This output file may be truncated or incomplete.
#
#  Out of Memory Error (arena.cpp:189), pid=9348, tid=9536
#
# JRE version: OpenJDK Runtime Environment Temurin-17.0.2+8 (17.0.2+8) (build 17.0.2+8)
# Java VM: OpenJDK 64-Bit Server VM Temurin-17.0.2+8 (17.0.2+8, mixed mode, tiered, compressed oops, compressed class ptrs, parallel gc, windows-amd64)
# No core dump will be written. Minidumps are not enabled by default on client versions of Windows
#

---------------  S U M M A R Y ------------

Command Line: --add-modules=ALL-SYSTEM --add-opens=java.base/java.util=ALL-UNNAMED --add-opens=java.base/java.lang=ALL-UNNAMED --add-opens=java.base/sun.nio.fs=ALL-UNNAMED -Declipse.application=org.eclipse.jdt.ls.core.id1 -Dosgi.bundles.defaultStartLevel=4 -Declipse.product=org.eclipse.jdt.ls.core.product -Djava.import.generatesMetadataFilesAtProjectRoot=false -Dfile.encoding=utf8 -DwatchParentProcess=false -XX:+UseParallelGC -XX:GCTimeRatio=4 -XX:AdaptiveSizePolicyWeight=90 -Dsun.zip.disableMemoryMapping=true -Xmx1G -Xms100m -XX:+HeapDumpOnOutOfMemoryError -XX:HeapDumpPath=c:\Users\ppgja\AppData\Roaming\Code\User\workspaceStorage\acb5709a2f12ac48bff087bf05a73a22\redhat.java c:\Users\ppgja\.vscode\extensions\redhat.java-1.6.0-win32-x64\server\plugins\org.eclipse.equinox.launcher_1.6.400.v20210924-0641.jar -configuration c:\Users\ppgja\AppData\Roaming\Code\User\globalStorage\redhat.java\1.6.0\config_win -data c:\Users\ppgja\AppData\Roaming\Code\User\workspaceStorage\acb5709a2f12ac48bff087bf05a73a22\redhat.java\jdt_ws

Host: AMD A6-9225 RADEON R4, 5 COMPUTE CORES 2C+3G   , 2 cores, 3G,  Windows 10 , 64 bit Build 19041 (10.0.19041.1706)
Time: Fri May 27 10:30:16 2022 Temps universel coordonné elapsed time: 56.920763 seconds (0d 0h 0m 56s)

---------------  T H R E A D  ---------------

Current thread (0x00000219e2d8d440):  JavaThread "C2 CompilerThread0" daemon [_thread_in_native, id=9536, stack(0x000000de67300000,0x000000de67400000)]


Current CompileTask:
C2:  56920 2370 %     4       java.io.WinNTFileSystem::normalize @ 22 (143 bytes)

Stack: [0x000000de67300000,0x000000de67400000]
Native frames: (J=compiled Java code, j=interpreted, Vv=VM code, C=native code)
V  [jvm.dll+0x67564a]
V  [jvm.dll+0x82fc04]
V  [jvm.dll+0x8313ae]
V  [jvm.dll+0x831a13]
V  [jvm.dll+0x245235]
V  [jvm.dll+0xabd7b]
V  [jvm.dll+0xac30c]
V  [jvm.dll+0x2ac33f]
V  [jvm.dll+0x57c559]
V  [jvm.dll+0x2202ed]
V  [jvm.dll+0x219ab9]
V  [jvm.dll+0x2173eb]
V  [jvm.dll+0x1a3a8d]
V  [jvm.dll+0x226ef8]
V  [jvm.dll+0x22503c]
V  [jvm.dll+0x7e596b]
V  [jvm.dll+0x7dff2a]
V  [jvm.dll+0x6744d5]
C  [ucrtbase.dll+0x21bb2]
C  [KERNEL32.DLL+0x17034]
C  [ntdll.dll+0x52651]


---------------  P R O C E S S  ---------------

Threads class SMR info:
_java_thread_list=0x00000219e4c3d560, length=21, elements={
0x00000219cef92490, 0x00000219e2d62750, 0x00000219e2d633c0, 0x00000219e2d88390,
0x00000219e2d88f10, 0x00000219e2d89b80, 0x00000219e2d8b6a0, 0x00000219e2d8d440,
0x00000219e2d97200, 0x00000219e2daa010, 0x00000219e4240920, 0x00000219e436f4f0,
0x00000219e42d0740, 0x00000219e4294070, 0x00000219e42947f0, 0x00000219e43d4850,
0x00000219e4764930, 0x00000219e4763f90, 0x00000219e4763120, 0x00000219e47635f0,
0x00000219e4763ac0
}

Java Threads: ( => current thread )
  0x00000219cef92490 JavaThread "main" [_thread_blocked, id=9780, stack(0x000000de66a00000,0x000000de66b00000)]
  0x00000219e2d62750 JavaThread "Reference Handler" daemon [_thread_blocked, id=2816, stack(0x000000de66d00000,0x000000de66e00000)]
  0x00000219e2d633c0 JavaThread "Finalizer" daemon [_thread_blocked, id=10440, stack(0x000000de66e00000,0x000000de66f00000)]
  0x00000219e2d88390 JavaThread "Signal Dispatcher" daemon [_thread_blocked, id=15340, stack(0x000000de66f00000,0x000000de67000000)]
  0x00000219e2d88f10 JavaThread "Attach Listener" daemon [_thread_blocked, id=9656, stack(0x000000de67000000,0x000000de67100000)]
  0x00000219e2d89b80 JavaThread "Service Thread" daemon [_thread_blocked, id=9720, stack(0x000000de67100000,0x000000de67200000)]
  0x00000219e2d8b6a0 JavaThread "Monitor Deflation Thread" daemon [_thread_blocked, id=3496, stack(0x000000de67200000,0x000000de67300000)]
=>0x00000219e2d8d440 JavaThread "C2 CompilerThread0" daemon [_thread_in_native, id=9536, stack(0x000000de67300000,0x000000de67400000)]
  0x00000219e2d97200 JavaThread "C1 CompilerThread0" daemon [_thread_blocked, id=16204, stack(0x000000de67400000,0x000000de67500000)]
  0x00000219e2daa010 JavaThread "Sweeper thread" daemon [_thread_blocked, id=9732, stack(0x000000de67500000,0x000000de67600000)]
  0x00000219e4240920 JavaThread "Common-Cleaner" daemon [_thread_blocked, id=13376, stack(0x000000de67600000,0x000000de67700000)]
  0x00000219e436f4f0 JavaThread "Notification Thread" daemon [_thread_blocked, id=3304, stack(0x000000de67700000,0x000000de67800000)]
  0x00000219e42d0740 JavaThread "Active Thread: Equinox Container: 4231818e-a2c1-4528-938d-82497d8b64b7" [_thread_blocked, id=15996, stack(0x000000de67900000,0x000000de67a00000)]
  0x00000219e4294070 JavaThread "Framework Event Dispatcher: Equinox Container: 4231818e-a2c1-4528-938d-82497d8b64b7" daemon [_thread_blocked, id=7904, stack(0x000000de67b00000,0x000000de67c00000)]
  0x00000219e42947f0 JavaThread "Start Level: Equinox Container: 4231818e-a2c1-4528-938d-82497d8b64b7" daemon [_thread_in_native, id=10520, stack(0x000000de67c00000,0x000000de67d00000)]
  0x00000219e43d4850 JavaThread "SCR Component Actor" daemon [_thread_blocked, id=11524, stack(0x000000de67d00000,0x000000de67e00000)]
  0x00000219e4764930 JavaThread "Bundle File Closer" daemon [_thread_blocked, id=9580, stack(0x000000de67e00000,0x000000de67f00000)]
  0x00000219e4763f90 JavaThread "Worker-JM" [_thread_blocked, id=10004, stack(0x000000de68200000,0x000000de68300000)]
  0x00000219e4763120 JavaThread "Worker-0" [_thread_blocked, id=16356, stack(0x000000de68300000,0x000000de68400000)]
  0x00000219e47635f0 JavaThread "Worker-1" [_thread_blocked, id=2080, stack(0x000000de68400000,0x000000de68500000)]
  0x00000219e4763ac0 JavaThread "Worker-2" [_thread_blocked, id=11832, stack(0x000000de68500000,0x000000de68600000)]

Other Threads:
  0x00000219e2d49430 VMThread "VM Thread" [stack: 0x000000de66c00000,0x000000de66d00000] [id=7472]
  0x00000219e436f9c0 WatcherThread [stack: 0x000000de67800000,0x000000de67900000] [id=14040]
  0x00000219cefa4080 GCTaskThread "GC Thread#0" [stack: 0x000000de66b00000,0x000000de66c00000] [id=15376]
  0x00000219e4686b40 GCTaskThread "GC Thread#1" [stack: 0x000000de67a00000,0x000000de67b00000] [id=8596]

Threads with active compile tasks:
C2 CompilerThread0    59813 2370 %     4       java.io.WinNTFileSystem::normalize @ 22 (143 bytes)

VM state: not at safepoint (normal execution)

VM Mutex/Monitor currently owned by a thread: None

OutOfMemory and StackOverflow Exception counts:
OutOfMemoryError java_heap_errors=2
LinkageErrors=19

Heap address: 0x00000000c0000000, size: 1024 MB, Compressed Oops mode: 32-bit

CDS archive(s) not mapped
Compressed class space mapped at: 0x0000000100000000-0x0000000140000000, reserved size: 1073741824
Narrow klass base: 0x0000000000000000, Narrow klass shift: 3, Narrow klass range: 0x140000000

GC Precious Log:
 CPUs: 2 total, 2 available
 Memory: 3981M
 Large Page Support: Disabled
 NUMA Support: Disabled
 Compressed Oops: Enabled (32-bit)
 Alignments: Space 512K, Generation 512K, Heap 2M
 Heap Min Capacity: 100M
 Heap Initial Capacity: 100M
 Heap Max Capacity: 1G
 Pre-touch: Disabled
 Parallel Workers: 2

Heap:
 PSYoungGen      total 29696K, used 2952K [0x00000000eab00000, 0x00000000ecc00000, 0x0000000100000000)
  eden space 25600K, 11% used [0x00000000eab00000,0x00000000eade2070,0x00000000ec400000)
  from space 4096K, 0% used [0x00000000ec400000,0x00000000ec400000,0x00000000ec800000)
  to   space 4096K, 0% used [0x00000000ec800000,0x00000000ec800000,0x00000000ecc00000)
 ParOldGen       total 68608K, used 9788K [0x00000000c0000000, 0x00000000c4300000, 0x00000000eab00000)
  object space 68608K, 14% used [0x00000000c0000000,0x00000000c098f2a0,0x00000000c4300000)
 Metaspace       used 21590K, committed 22016K, reserved 1073152K
  class space    used 2169K, committed 2368K, reserved 1048576K

Card table byte_map: [0x00000219ce950000,0x00000219ceb60000] _byte_map_base: 0x00000219ce350000

Marking Bits: (ParMarkBitMap*) 0x00007ffc71433af0
 Begin Bits: [0x00000219e0c20000, 0x00000219e1c20000)
 End Bits:   [0x00000219e1c20000, 0x00000219e2c20000)

Polling page: 0x00000219ccd90000

Metaspace:

Usage:
  Non-class:     18.97 MB used.
      Class:      2.12 MB used.
       Both:     21.08 MB used.

Virtual space:
  Non-class space:       24.00 MB reserved,      19.19 MB ( 80%) committed,  3 nodes.
      Class space:        1.00 GB reserved,       2.31 MB ( <1%) committed,  1 nodes.
             Both:        1.02 GB reserved,      21.50 MB (  2%) committed. 

Chunk freelists:
   Non-Class:  848.00 KB
       Class:  1.65 MB
        Both:  2.48 MB

MaxMetaspaceSize: unlimited
CompressedClassSpaceSize: 1.00 GB
Initial GC threshold: 21.00 MB
Current GC threshold: 35.00 MB
CDS: off
MetaspaceReclaimPolicy: balanced
 - commit_granule_bytes: 65536.
 - commit_granule_words: 8192.
 - virtual_space_node_default_size: 1048576.
 - enlarge_chunks_in_place: 1.
 - new_chunks_are_fully_committed: 0.
 - uncommit_free_chunks: 1.
 - use_allocation_guard: 0.
 - handle_deallocations: 1.


Internal statistics:

num_allocs_failed_limit: 3.
num_arena_births: 142.
num_arena_deaths: 0.
num_vsnodes_births: 4.
num_vsnodes_deaths: 0.
num_space_committed: 344.
num_space_uncommitted: 0.
num_chunks_returned_to_freelist: 3.
num_chunks_taken_from_freelist: 651.
num_chunk_merges: 3.
num_chunk_splits: 418.
num_chunks_enlarged: 280.
num_purges: 0.
num_inconsistent_stats: 0.

CodeHeap 'non-profiled nmethods': size=120064Kb used=784Kb max_used=784Kb free=119279Kb
 bounds [0x00000219d96e0000, 0x00000219d9950000, 0x00000219e0c20000]
CodeHeap 'profiled nmethods': size=120000Kb used=5201Kb max_used=5201Kb free=114798Kb
 bounds [0x00000219d21b0000, 0x00000219d26d0000, 0x00000219d96e0000]
CodeHeap 'non-nmethods': size=5696Kb used=1177Kb max_used=1192Kb free=4518Kb
 bounds [0x00000219d1c20000, 0x00000219d1e90000, 0x00000219d21b0000]
 total_blobs=2948 nmethods=2467 adapters=396
 compilation: enabled
              stopped_count=0, restarted_count=0
 full_count=0

Compilation events (20 events):
Event: 56.840 Thread 0x00000219e2d97200 2375       3       java.util.regex.Pattern::peek (26 bytes)
Event: 56.840 Thread 0x00000219e2d97200 nmethod 2375 0x00000219d268e690 code [0x00000219d268e840, 0x00000219d268eaa8]
Event: 56.847 Thread 0x00000219e2d97200 2376       3       org.eclipse.core.runtime.Assert::isLegal (15 bytes)
Event: 56.848 Thread 0x00000219e2d97200 nmethod 2376 0x00000219d268ec10 code [0x00000219d268edc0, 0x00000219d268efa8]
Event: 56.851 Thread 0x00000219e2d97200 2378       3       org.eclipse.core.filesystem.provider.FileInfo::setAttribute (100 bytes)
Event: 56.851 Thread 0x00000219e2d97200 nmethod 2378 0x00000219d268f090 code [0x00000219d268f280, 0x00000219d268f7f8]
Event: 56.852 Thread 0x00000219e2d97200 2379       3       org.eclipse.core.internal.resources.ResourceInfo::getType (10 bytes)
Event: 56.852 Thread 0x00000219e2d97200 nmethod 2379 0x00000219d268fa10 code [0x00000219d268fba0, 0x00000219d268fcf8]
Event: 56.852 Thread 0x00000219e2d97200 2380       3       org.eclipse.core.internal.resources.ResourceInfo::getBits (6 bytes)
Event: 56.852 Thread 0x00000219e2d97200 nmethod 2380 0x00000219d268fd90 code [0x00000219d268ff20, 0x00000219d2690018]
Event: 56.852 Thread 0x00000219e2d97200 2381       1       org.eclipse.core.internal.resources.Folder::getType (2 bytes)
Event: 56.852 Thread 0x00000219e2d97200 nmethod 2381 0x00000219d97a0910 code [0x00000219d97a0aa0, 0x00000219d97a0b78]
Event: 56.858 Thread 0x00000219e2d97200 2382       3       org.eclipse.core.runtime.PlatformObject::<init> (5 bytes)
Event: 56.859 Thread 0x00000219e2d97200 nmethod 2382 0x00000219d2690090 code [0x00000219d2690220, 0x00000219d2690378]
Event: 56.866 Thread 0x00000219e2d97200 2383       3       org.eclipse.core.filesystem.provider.FileInfo::isSet (16 bytes)
Event: 56.867 Thread 0x00000219e2d97200 nmethod 2383 0x00000219d2690410 code [0x00000219d26905a0, 0x00000219d2690738]
Event: 56.867 Thread 0x00000219e2d97200 2384       3       java.net.URI$Parser::at (23 bytes)
Event: 56.868 Thread 0x00000219e2d97200 nmethod 2384 0x00000219d2690810 code [0x00000219d2690a00, 0x00000219d2691038]
Event: 56.886 Thread 0x00000219e2d97200 2385       3       java.util.AbstractList::listIterator (6 bytes)
Event: 56.887 Thread 0x00000219e2d97200 nmethod 2385 0x00000219d2691310 code [0x00000219d26914c0, 0x00000219d2691688]

GC Heap History (4 events):
Event: 35.464 GC heap before
{Heap before GC invocations=1 (full 0):
 PSYoungGen      total 29696K, used 25600K [0x00000000eab00000, 0x00000000ecc00000, 0x0000000100000000)
  eden space 25600K, 100% used [0x00000000eab00000,0x00000000ec400000,0x00000000ec400000)
  from space 4096K, 0% used [0x00000000ec800000,0x00000000ec800000,0x00000000ecc00000)
  to   space 4096K, 0% used [0x00000000ec400000,0x00000000ec400000,0x00000000ec800000)
 ParOldGen       total 68608K, used 0K [0x00000000c0000000, 0x00000000c4300000, 0x00000000eab00000)
  object space 68608K, 0% used [0x00000000c0000000,0x00000000c0000000,0x00000000c4300000)
 Metaspace       used 12793K, committed 12992K, reserved 1064960K
  class space    used 1283K, committed 1408K, reserved 1048576K
}
Event: 35.489 GC heap after
{Heap after GC invocations=1 (full 0):
 PSYoungGen      total 29696K, used 4087K [0x00000000eab00000, 0x00000000ecc00000, 0x0000000100000000)
  eden space 25600K, 0% used [0x00000000eab00000,0x00000000eab00000,0x00000000ec400000)
  from space 4096K, 99% used [0x00000000ec400000,0x00000000ec7fdfb8,0x00000000ec800000)
  to   space 4096K, 0% used [0x00000000ec800000,0x00000000ec800000,0x00000000ecc00000)
 ParOldGen       total 68608K, used 751K [0x00000000c0000000, 0x00000000c4300000, 0x00000000eab00000)
  object space 68608K, 1% used [0x00000000c0000000,0x00000000c00bbe48,0x00000000c4300000)
 Metaspace       used 12793K, committed 12992K, reserved 1064960K
  class space    used 1283K, committed 1408K, reserved 1048576K
}
Event: 55.819 GC heap before
{Heap before GC invocations=2 (full 0):
 PSYoungGen      total 29696K, used 29687K [0x00000000eab00000, 0x00000000ecc00000, 0x0000000100000000)
  eden space 25600K, 100% used [0x00000000eab00000,0x00000000ec400000,0x00000000ec400000)
  from space 4096K, 99% used [0x00000000ec400000,0x00000000ec7fdfb8,0x00000000ec800000)
  to   space 4096K, 0% used [0x00000000ec800000,0x00000000ec800000,0x00000000ecc00000)
 ParOldGen       total 68608K, used 751K [0x00000000c0000000, 0x00000000c4300000, 0x00000000eab00000)
  object space 68608K, 1% used [0x00000000c0000000,0x00000000c00bbe48,0x00000000c4300000)
 Metaspace       used 20206K, committed 20672K, reserved 1073152K
  class space    used 2043K, committed 2240K, reserved 1048576K
}
Event: 55.850 GC heap after
{Heap after GC invocations=2 (full 0):
 PSYoungGen      total 29696K, used 4093K [0x00000000eab00000, 0x00000000ecc00000, 0x0000000100000000)
  eden space 25600K, 0% used [0x00000000eab00000,0x00000000eab00000,0x00000000ec400000)
  from space 4096K, 99% used [0x00000000ec800000,0x00000000ecbff720,0x00000000ecc00000)
  to   space 4096K, 0% used [0x00000000ec400000,0x00000000ec400000,0x00000000ec800000)
 ParOldGen       total 68608K, used 5808K [0x00000000c0000000, 0x00000000c4300000, 0x00000000eab00000)
  object space 68608K, 8% used [0x00000000c0000000,0x00000000c05ac0b0,0x00000000c4300000)
 Metaspace       used 20206K, committed 20672K, reserved 1073152K
  class space    used 2043K, committed 2240K, reserved 1048576K
}

Deoptimization events (20 events):
Event: 52.804 Thread 0x00000219e42947f0 DEOPT PACKING pc=0x00000219d9782410 sp=0x000000de67cf7be0
Event: 52.804 Thread 0x00000219e42947f0 DEOPT UNPACKING pc=0x00000219d1c720a3 sp=0x000000de67cf7b78 mode 2
Event: 53.007 Thread 0x00000219e42947f0 DEOPT PACKING pc=0x00000219d263c89e sp=0x000000de67cf8e00
Event: 53.007 Thread 0x00000219e42947f0 DEOPT UNPACKING pc=0x00000219d1c72843 sp=0x000000de67cf82f8 mode 0
Event: 54.166 Thread 0x00000219e42947f0 Uncommon trap: trap_request=0xffffffde fr.pc=0x00000219d972c3f8 relative=0x00000000000008f8
Event: 54.166 Thread 0x00000219e42947f0 Uncommon trap: reason=class_check action=maybe_recompile pc=0x00000219d972c3f8 method=java.io.DataInputStream.readInt()I @ 4 c2
Event: 54.166 Thread 0x00000219e42947f0 DEOPT PACKING pc=0x00000219d972c3f8 sp=0x000000de67cf9a80
Event: 54.166 Thread 0x00000219e42947f0 DEOPT UNPACKING pc=0x00000219d1c720a3 sp=0x000000de67cf9a40 mode 2
Event: 54.183 Thread 0x00000219e42947f0 Uncommon trap: trap_request=0xffffffde fr.pc=0x00000219d972c3f8 relative=0x00000000000008f8
Event: 54.183 Thread 0x00000219e42947f0 Uncommon trap: reason=class_check action=maybe_recompile pc=0x00000219d972c3f8 method=java.io.DataInputStream.readInt()I @ 4 c2
Event: 54.183 Thread 0x00000219e42947f0 DEOPT PACKING pc=0x00000219d972c3f8 sp=0x000000de67cf9870
Event: 54.183 Thread 0x00000219e42947f0 DEOPT UNPACKING pc=0x00000219d1c720a3 sp=0x000000de67cf9830 mode 2
Event: 54.250 Thread 0x00000219e42947f0 Uncommon trap: trap_request=0xffffff45 fr.pc=0x00000219d9797b10 relative=0x0000000000000a90
Event: 54.250 Thread 0x00000219e42947f0 Uncommon trap: reason=unstable_if action=reinterpret pc=0x00000219d9797b10 method=java.io.DataInputStream.readInt()I @ 41 c2
Event: 54.250 Thread 0x00000219e42947f0 DEOPT PACKING pc=0x00000219d9797b10 sp=0x000000de67cf98b0
Event: 54.250 Thread 0x00000219e42947f0 DEOPT UNPACKING pc=0x00000219d1c720a3 sp=0x000000de67cf9870 mode 2
Event: 55.108 Thread 0x00000219e42947f0 Uncommon trap: trap_request=0xffffffde fr.pc=0x00000219d97374e8 relative=0x00000000000008c8
Event: 55.108 Thread 0x00000219e42947f0 Uncommon trap: reason=class_check action=maybe_recompile pc=0x00000219d97374e8 method=java.util.HashMap.putVal(ILjava/lang/Object;Ljava/lang/Object;ZZ)Ljava/lang/Object; @ 253 c2
Event: 55.108 Thread 0x00000219e42947f0 DEOPT PACKING pc=0x00000219d97374e8 sp=0x000000de67cf7ad0
Event: 55.108 Thread 0x00000219e42947f0 DEOPT UNPACKING pc=0x00000219d1c720a3 sp=0x000000de67cf7968 mode 2

Classes unloaded (0 events):
No events

Classes redefined (0 events):
No events

Internal exceptions (20 events):
Event: 10.729 Thread 0x00000219cef92490 Implicit null exception at 0x00000219d9710e8f to 0x00000219d9710f05
Event: 10.982 Thread 0x00000219cef92490 Exception <a 'java/lang/NoSuchMethodError'{0x00000000eb83d850}: 'int java.lang.invoke.DirectMethodHandle$Holder.invokeStaticInit(java.lang.Object, java.lang.Object, java.lang.Object, java.lang.Object)'> (0x00000000eb83d850) 
thrown [e:\jenkins\tmp\workspace\build\src\src\hotspot\share\interpreter\linkResolver.cpp, line 766]
Event: 10.991 Thread 0x00000219cef92490 Exception <a 'java/lang/NoSuchMethodError'{0x00000000eb847ec0}: 'java.lang.Object java.lang.invoke.DirectMethodHandle$Holder.invokeInterface(java.lang.Object, java.lang.Object)'> (0x00000000eb847ec0) 
thrown [e:\jenkins\tmp\workspace\build\src\src\hotspot\share\interpreter\linkResolver.cpp, line 766]
Event: 10.992 Thread 0x00000219cef92490 Exception <a 'java/lang/IncompatibleClassChangeError'{0x00000000eb84b6b8}: Found class java.lang.Object, but interface was expected> (0x00000000eb84b6b8) 
thrown [e:\jenkins\tmp\workspace\build\src\src\hotspot\share\interpreter\linkResolver.cpp, line 833]
Event: 10.994 Thread 0x00000219cef92490 Exception <a 'java/lang/NoSuchMethodError'{0x00000000eb84e5d8}: 'void java.lang.invoke.DirectMethodHandle$Holder.invokeStatic(java.lang.Object, java.lang.Object)'> (0x00000000eb84e5d8) 
thrown [e:\jenkins\tmp\workspace\build\src\src\hotspot\share\interpreter\linkResolver.cpp, line 766]
Event: 10.995 Thread 0x00000219cef92490 Exception <a 'java/lang/NoSuchMethodError'{0x00000000eb851dd8}: 'void java.lang.invoke.DirectMethodHandle$Holder.invokeStaticInit(java.lang.Object, java.lang.Object)'> (0x00000000eb851dd8) 
thrown [e:\jenkins\tmp\workspace\build\src\src\hotspot\share\interpreter\linkResolver.cpp, line 766]
Event: 11.004 Thread 0x00000219cef92490 Exception <a 'java/lang/NoSuchMethodError'{0x00000000eb857978}: 'int java.lang.invoke.DirectMethodHandle$Holder.invokeStaticInit(java.lang.Object, java.lang.Object)'> (0x00000000eb857978) 
thrown [e:\jenkins\tmp\workspace\build\src\src\hotspot\share\interpreter\linkResolver.cpp, line 766]
Event: 11.212 Thread 0x00000219cef92490 Exception <a 'java/lang/NoSuchMethodError'{0x00000000eb8a9180}: 'java.lang.Object java.lang.invoke.DirectMethodHandle$Holder.invokeStaticInit(java.lang.Object, int, int, int, int)'> (0x00000000eb8a9180) 
thrown [e:\jenkins\tmp\workspace\build\src\src\hotspot\share\interpreter\linkResolver.cpp, line 766]
Event: 23.155 Thread 0x00000219cef92490 Exception <a 'java/lang/NoSuchMethodError'{0x00000000eb973fc8}: 'java.lang.Object java.lang.invoke.DirectMethodHandle$Holder.invokeStaticInit(java.lang.Object, java.lang.Object, int, int, int, int)'> (0x00000000eb973fc8) 
thrown [e:\jenkins\tmp\workspace\build\src\src\hotspot\share\interpreter\linkResolver.cpp, line 766]
Event: 23.730 Thread 0x00000219cef92490 Exception <a 'java/lang/NoSuchMethodError'{0x00000000eba085c0}: 'void java.lang.invoke.DirectMethodHandle$Holder.invokeSpecial(java.lang.Object, java.lang.Object, java.lang.Object)'> (0x00000000eba085c0) 
thrown [e:\jenkins\tmp\workspace\build\src\src\hotspot\share\interpreter\linkResolver.cpp, line 766]
Event: 25.714 Thread 0x00000219cef92490 Exception <a 'java/lang/NoSuchMethodError'{0x00000000ec0eab30}: 'java.lang.Object java.lang.invoke.DirectMethodHandle$Holder.newInvokeSpecial(java.lang.Object, int, java.lang.Object)'> (0x00000000ec0eab30) 
thrown [e:\jenkins\tmp\workspace\build\src\src\hotspot\share\interpreter\linkResolver.cpp, line 766]
Event: 36.176 Thread 0x00000219cef92490 Exception <a 'java/lang/UnsatisfiedLinkError'{0x00000000eab521d0}: 'void org.eclipse.equinox.launcher.JNIBridge._update_splash()'> (0x00000000eab521d0) 
thrown [e:\jenkins\tmp\workspace\build\src\src\hotspot\share\prims\nativeLookup.cpp, line 543]
Event: 36.356 Thread 0x00000219e42947f0 Exception <a 'java/lang/NoSuchMethodError'{0x00000000eacceab0}: 'java.lang.Object java.lang.invoke.DirectMethodHandle$Holder.invokeStaticInit(java.lang.Object)'> (0x00000000eacceab0) 
thrown [e:\jenkins\tmp\workspace\build\src\src\hotspot\share\interpreter\linkResolver.cpp, line 766]
Event: 36.939 Thread 0x00000219e42947f0 Exception <a 'java/io/FileNotFoundException'{0x00000000eafdff00}> (0x00000000eafdff00) 
thrown [e:\jenkins\tmp\workspace\build\src\src\hotspot\share\prims\jni.cpp, line 516]
Event: 52.683 Thread 0x00000219e42947f0 Exception <a 'java/lang/NoSuchMethodError'{0x00000000ebea70f0}: 'void java.lang.invoke.DirectMethodHandle$Holder.invokeInterface(java.lang.Object, java.lang.Object, java.lang.Object)'> (0x00000000ebea70f0) 
thrown [e:\jenkins\tmp\workspace\build\src\src\hotspot\share\interpreter\linkResolver.cpp, line 766]
Event: 53.033 Thread 0x00000219e42947f0 Exception <a 'java/lang/NoSuchMethodError'{0x00000000ec03b560}: 'java.lang.Object java.lang.invoke.Invokers$Holder.invokeExact_MT(java.lang.Object, java.lang.Object, java.lang.Object, java.lang.Object, java.lang.Object, java.lang.Object)'> (0x00000000ec03b560) 
thrown [e:\jenkins\tmp\workspace\build\src\src\hotspot\share\interpreter\linkResolver.cpp, line 766]
Event: 53.203 Thread 0x00000219e42947f0 Exception <a 'java/io/FileNotFoundException'{0x00000000ec0807b8}> (0x00000000ec0807b8) 
thrown [e:\jenkins\tmp\workspace\build\src\src\hotspot\share\prims\jni.cpp, line 516]
Event: 55.857 Thread 0x00000219e42947f0 Exception <a 'java/lang/NoSuchMethodError'{0x00000000eab02e38}: 'int java.lang.invoke.DirectMethodHandle$Holder.invokeStaticInit(java.lang.Object, java.lang.Object, java.lang.Object)'> (0x00000000eab02e38) 
thrown [e:\jenkins\tmp\workspace\build\src\src\hotspot\share\interpreter\linkResolver.cpp, line 766]
Event: 55.967 Thread 0x00000219e42947f0 Exception <a 'java/lang/IncompatibleClassChangeError'{0x00000000eab440e8}: Found class java.lang.Object, but interface was expected> (0x00000000eab440e8) 
thrown [e:\jenkins\tmp\workspace\build\src\src\hotspot\share\interpreter\linkResolver.cpp, line 833]
Event: 56.235 Thread 0x00000219e47635f0 Exception <a 'java/lang/NoSuchMethodError'{0x00000000eac5c0d8}: 'int java.lang.invoke.DirectMethodHandle$Holder.invokeVirtual(java.lang.Object, java.lang.Object)'> (0x00000000eac5c0d8) 
thrown [e:\jenkins\tmp\workspace\build\src\src\hotspot\share\interpreter\linkResolver.cpp, line 766]

VM Operations (20 events):
Event: 40.611 Executing VM operation: Cleanup
Event: 40.634 Executing VM operation: Cleanup done
Event: 43.655 Executing VM operation: Cleanup
Event: 43.655 Executing VM operation: Cleanup done
Event: 52.590 Executing VM operation: HandshakeAllThreads
Event: 52.590 Executing VM operation: HandshakeAllThreads done
Event: 52.590 Executing VM operation: Cleanup
Event: 52.591 Executing VM operation: Cleanup done
Event: 52.603 Executing VM operation: HandshakeAllThreads
Event: 52.603 Executing VM operation: HandshakeAllThreads done
Event: 53.606 Executing VM operation: Cleanup
Event: 53.606 Executing VM operation: Cleanup done
Event: 54.614 Executing VM operation: Cleanup
Event: 54.614 Executing VM operation: Cleanup done
Event: 55.629 Executing VM operation: Cleanup
Event: 55.808 Executing VM operation: Cleanup done
Event: 55.819 Executing VM operation: ParallelGCFailedAllocation
Event: 55.850 Executing VM operation: ParallelGCFailedAllocation done
Event: 56.853 Executing VM operation: Cleanup
Event: 56.853 Executing VM operation: Cleanup done

Events (20 events):
Event: 55.233 loading class sun/nio/fs/WindowsUriSupport done
Event: 55.518 loading class java/util/function/LongUnaryOperator
Event: 55.519 loading class java/util/function/LongUnaryOperator done
Event: 55.785 Thread 0x00000219e4763120 Thread added: 0x00000219e4763120
Event: 55.872 loading class java/util/ImmutableCollections$Map1
Event: 55.872 loading class java/util/ImmutableCollections$Map1 done
Event: 55.873 loading class java/io/DataOutputStream
Event: 55.873 loading class java/io/DataOutputStream done
Event: 56.007 Thread 0x00000219e47635f0 Thread added: 0x00000219e47635f0
Event: 56.233 Thread 0x00000219e4763ac0 Thread added: 0x00000219e4763ac0
Event: 56.234 loading class java/util/AbstractList$RandomAccessSpliterator
Event: 56.234 loading class java/util/AbstractList$RandomAccessSpliterator done
Event: 56.238 loading class java/util/stream/SortedOps$SizedRefSortingSink
Event: 56.238 loading class java/util/stream/SortedOps$SizedRefSortingSink done
Event: 56.296 loading class java/util/regex/PatternSyntaxException
Event: 56.321 loading class java/util/regex/PatternSyntaxException done
Event: 56.616 loading class java/util/zip/GZIPOutputStream
Event: 56.616 loading class java/util/zip/DeflaterOutputStream
Event: 56.616 loading class java/util/zip/DeflaterOutputStream done
Event: 56.616 loading class java/util/zip/GZIPOutputStream done


Dynamic libraries:
0x00007ff76ca80000 - 0x00007ff76ca8e000 	c:\Users\ppgja\.vscode\extensions\redhat.java-1.6.0-win32-x64\jre\17.0.2-win32-x86_64\bin\java.exe
0x00007ffcd8690000 - 0x00007ffcd8885000 	C:\WINDOWS\SYSTEM32\ntdll.dll
0x00007ffcd7c00000 - 0x00007ffcd7cbd000 	C:\WINDOWS\System32\KERNEL32.DLL
0x00007ffcd5f30000 - 0x00007ffcd61fd000 	C:\WINDOWS\System32\KERNELBASE.dll
0x00007ffcd65e0000 - 0x00007ffcd66e0000 	C:\WINDOWS\System32\ucrtbase.dll
0x00007ffcb3aa0000 - 0x00007ffcb3ab9000 	c:\Users\ppgja\.vscode\extensions\redhat.java-1.6.0-win32-x64\jre\17.0.2-win32-x86_64\bin\VCRUNTIME140.dll
0x00007ffcb3a50000 - 0x00007ffcb3a68000 	c:\Users\ppgja\.vscode\extensions\redhat.java-1.6.0-win32-x64\jre\17.0.2-win32-x86_64\bin\jli.dll
0x00007ffcd6fd0000 - 0x00007ffcd7170000 	C:\WINDOWS\System32\USER32.dll
0x00007ffcd5da0000 - 0x00007ffcd5dc2000 	C:\WINDOWS\System32\win32u.dll
0x00007ffcd7cc0000 - 0x00007ffcd7cea000 	C:\WINDOWS\System32\GDI32.dll
0x00007ffcd5e20000 - 0x00007ffcd5f2b000 	C:\WINDOWS\System32\gdi32full.dll
0x00007ffcd6540000 - 0x00007ffcd65dd000 	C:\WINDOWS\System32\msvcp_win.dll
0x00007ffcbcfa0000 - 0x00007ffcbd23a000 	C:\WINDOWS\WinSxS\amd64_microsoft.windows.common-controls_6595b64144ccf1df_6.0.19041.1110_none_60b5254171f9507e\COMCTL32.dll
0x00007ffcd7410000 - 0x00007ffcd74ae000 	C:\WINDOWS\System32\msvcrt.dll
0x00007ffcd6cb0000 - 0x00007ffcd6ce0000 	C:\WINDOWS\System32\IMM32.DLL
0x00007ffcd3530000 - 0x00007ffcd353c000 	c:\Users\ppgja\.vscode\extensions\redhat.java-1.6.0-win32-x64\jre\17.0.2-win32-x86_64\bin\vcruntime140_1.dll
0x00007ffc9fbb0000 - 0x00007ffc9fc41000 	c:\Users\ppgja\.vscode\extensions\redhat.java-1.6.0-win32-x64\jre\17.0.2-win32-x86_64\bin\msvcp140.dll
0x00007ffc708b0000 - 0x00007ffc714f7000 	c:\Users\ppgja\.vscode\extensions\redhat.java-1.6.0-win32-x64\jre\17.0.2-win32-x86_64\bin\server\jvm.dll
0x00007ffcd7e10000 - 0x00007ffcd7ebe000 	C:\WINDOWS\System32\ADVAPI32.dll
0x00007ffcd7170000 - 0x00007ffcd720c000 	C:\WINDOWS\System32\sechost.dll
0x00007ffcd6d90000 - 0x00007ffcd6eb5000 	C:\WINDOWS\System32\RPCRT4.dll
0x00007ffcd66e0000 - 0x00007ffcd66e8000 	C:\WINDOWS\System32\PSAPI.DLL
0x00007ffccbe60000 - 0x00007ffccbe87000 	C:\WINDOWS\SYSTEM32\WINMM.dll
0x00007ffccdae0000 - 0x00007ffccdaea000 	C:\WINDOWS\SYSTEM32\VERSION.dll
0x00007ffcd3540000 - 0x00007ffcd3549000 	C:\WINDOWS\SYSTEM32\WSOCK32.dll
0x00007ffcd6ed0000 - 0x00007ffcd6f3b000 	C:\WINDOWS\System32\WS2_32.dll
0x00007ffcd3ca0000 - 0x00007ffcd3cb2000 	C:\WINDOWS\SYSTEM32\kernel.appcore.dll
0x00007ffcd3500000 - 0x00007ffcd350a000 	c:\Users\ppgja\.vscode\extensions\redhat.java-1.6.0-win32-x64\jre\17.0.2-win32-x86_64\bin\jimage.dll
0x00007ffcbfac0000 - 0x00007ffcbfca4000 	C:\WINDOWS\SYSTEM32\DBGHELP.DLL
0x00007ffcbf270000 - 0x00007ffcbf29c000 	C:\WINDOWS\SYSTEM32\dbgcore.DLL
0x00007ffcd6200000 - 0x00007ffcd6282000 	C:\WINDOWS\System32\bcryptPrimitives.dll
0x00007ffca6f80000 - 0x00007ffca6fa5000 	c:\Users\ppgja\.vscode\extensions\redhat.java-1.6.0-win32-x64\jre\17.0.2-win32-x86_64\bin\java.dll
0x00007ffcb2540000 - 0x00007ffcb2558000 	c:\Users\ppgja\.vscode\extensions\redhat.java-1.6.0-win32-x64\jre\17.0.2-win32-x86_64\bin\zip.dll
0x00007ffcd74b0000 - 0x00007ffcd7bf4000 	C:\WINDOWS\System32\SHELL32.dll
0x00007ffcd3ea0000 - 0x00007ffcd4634000 	C:\WINDOWS\SYSTEM32\windows.storage.dll
0x00007ffcd8020000 - 0x00007ffcd8374000 	C:\WINDOWS\System32\combase.dll
0x00007ffcd5730000 - 0x00007ffcd575c000 	C:\WINDOWS\SYSTEM32\Wldp.dll
0x00007ffcd6ce0000 - 0x00007ffcd6d8d000 	C:\WINDOWS\System32\SHCORE.dll
0x00007ffcd85f0000 - 0x00007ffcd8645000 	C:\WINDOWS\System32\shlwapi.dll
0x00007ffcd5ce0000 - 0x00007ffcd5cff000 	C:\WINDOWS\SYSTEM32\profapi.dll
0x00007ffcaf680000 - 0x00007ffcaf699000 	C:\Users\ppgja\.vscode\extensions\redhat.java-1.6.0-win32-x64\jre\17.0.2-win32-x86_64\bin\net.dll
0x00007ffcc9cf0000 - 0x00007ffcc9dfa000 	C:\WINDOWS\SYSTEM32\WINHTTP.dll
0x00007ffcd5490000 - 0x00007ffcd54fa000 	C:\WINDOWS\system32\mswsock.dll
0x00007ffcaf190000 - 0x00007ffcaf1a5000 	C:\Users\ppgja\.vscode\extensions\redhat.java-1.6.0-win32-x64\jre\17.0.2-win32-x86_64\bin\nio.dll
0x00007ffcd5680000 - 0x00007ffcd5698000 	C:\WINDOWS\SYSTEM32\CRYPTSP.dll
0x00007ffcd4e10000 - 0x00007ffcd4e44000 	C:\WINDOWS\system32\rsaenh.dll
0x00007ffcd6510000 - 0x00007ffcd6537000 	C:\WINDOWS\System32\bcrypt.dll
0x00007ffcd5c60000 - 0x00007ffcd5c8e000 	C:\WINDOWS\SYSTEM32\USERENV.dll
0x00007ffcd56a0000 - 0x00007ffcd56ac000 	C:\WINDOWS\SYSTEM32\CRYPTBASE.dll
0x00007ffcd5180000 - 0x00007ffcd51bb000 	C:\WINDOWS\SYSTEM32\IPHLPAPI.DLL
0x00007ffcd8380000 - 0x00007ffcd8388000 	C:\WINDOWS\System32\NSI.dll
0x00007ffccc120000 - 0x00007ffccc137000 	C:\WINDOWS\SYSTEM32\dhcpcsvc6.DLL
0x00007ffccc0f0000 - 0x00007ffccc10d000 	C:\WINDOWS\SYSTEM32\dhcpcsvc.DLL
0x00007ffcd51c0000 - 0x00007ffcd528b000 	C:\WINDOWS\SYSTEM32\DNSAPI.dll
0x00007ffca5c70000 - 0x00007ffca5cae000 	C:\Users\ppgja\AppData\Roaming\Code\User\globalStorage\redhat.java\1.6.0\config_win\org.eclipse.equinox.launcher\org.eclipse.equinox.launcher.win32.win32.x86_64_1.2.400.v20211117-0650\eclipse_11602.dll
0x00007ffcd7210000 - 0x00007ffcd733a000 	C:\WINDOWS\System32\ole32.dll

dbghelp: loaded successfully - version: 4.0.5 - missing functions: none
symbol engine: initialized successfully - sym options: 0x614 - pdb path: .;c:\Users\ppgja\.vscode\extensions\redhat.java-1.6.0-win32-x64\jre\17.0.2-win32-x86_64\bin;C:\WINDOWS\SYSTEM32;C:\WINDOWS\WinSxS\amd64_microsoft.windows.common-controls_6595b64144ccf1df_6.0.19041.1110_none_60b5254171f9507e;c:\Users\ppgja\.vscode\extensions\redhat.java-1.6.0-win32-x64\jre\17.0.2-win32-x86_64\bin\server;C:\Users\ppgja\AppData\Roaming\Code\User\globalStorage\redhat.java\1.6.0\config_win\org.eclipse.equinox.launcher\org.eclipse.equinox.launcher.win32.win32.x86_64_1.2.400.v20211117-0650

VM Arguments:
jvm_args: --add-modules=ALL-SYSTEM --add-opens=java.base/java.util=ALL-UNNAMED --add-opens=java.base/java.lang=ALL-UNNAMED --add-opens=java.base/sun.nio.fs=ALL-UNNAMED -Declipse.application=org.eclipse.jdt.ls.core.id1 -Dosgi.bundles.defaultStartLevel=4 -Declipse.product=org.eclipse.jdt.ls.core.product -Djava.import.generatesMetadataFilesAtProjectRoot=false -Dfile.encoding=utf8 -DwatchParentProcess=false -XX:+UseParallelGC -XX:GCTimeRatio=4 -XX:AdaptiveSizePolicyWeight=90 -Dsun.zip.disableMemoryMapping=true -Xmx1G -Xms100m -XX:+HeapDumpOnOutOfMemoryError -XX:HeapDumpPath=c:\Users\ppgja\AppData\Roaming\Code\User\workspaceStorage\acb5709a2f12ac48bff087bf05a73a22\redhat.java 
java_command: c:\Users\ppgja\.vscode\extensions\redhat.java-1.6.0-win32-x64\server\plugins\org.eclipse.equinox.launcher_1.6.400.v20210924-0641.jar -configuration c:\Users\ppgja\AppData\Roaming\Code\User\globalStorage\redhat.java\1.6.0\config_win -data c:\Users\ppgja\AppData\Roaming\Code\User\workspaceStorage\acb5709a2f12ac48bff087bf05a73a22\redhat.java\jdt_ws
java_class_path (initial): c:\Users\ppgja\.vscode\extensions\redhat.java-1.6.0-win32-x64\server\plugins\org.eclipse.equinox.launcher_1.6.400.v20210924-0641.jar
Launcher Type: SUN_STANDARD

[Global flags]
    uintx AdaptiveSizePolicyWeight                 = 90                                        {product} {command line}
     intx CICompilerCount                          = 2                                         {product} {ergonomic}
    uintx GCTimeRatio                              = 4                                         {product} {command line}
     bool HeapDumpOnOutOfMemoryError               = true                                   {manageable} {command line}
    ccstr HeapDumpPath                             = c:\Users\ppgja\AppData\Roaming\Code\User\workspaceStorage\acb5709a2f12ac48bff087bf05a73a22\redhat.java         {manageable} {command line}
   size_t InitialHeapSize                          = 104857600                                 {product} {command line}
   size_t MaxHeapSize                              = 1073741824                                {product} {command line}
   size_t MaxNewSize                               = 357564416                                 {product} {ergonomic}
   size_t MinHeapDeltaBytes                        = 524288                                    {product} {ergonomic}
   size_t MinHeapSize                              = 104857600                                 {product} {command line}
   size_t NewSize                                  = 34603008                                  {product} {ergonomic}
    uintx NonNMethodCodeHeapSize                   = 5826188                                {pd product} {ergonomic}
    uintx NonProfiledCodeHeapSize                  = 122916026                              {pd product} {ergonomic}
   size_t OldSize                                  = 70254592                                  {product} {ergonomic}
    uintx ProfiledCodeHeapSize                     = 122916026                              {pd product} {ergonomic}
    uintx ReservedCodeCacheSize                    = 251658240                              {pd product} {ergonomic}
     bool SegmentedCodeCache                       = true                                      {product} {ergonomic}
   size_t SoftMaxHeapSize                          = 1073741824                             {manageable} {ergonomic}
     bool UseCompressedClassPointers               = true                           {product lp64_product} {ergonomic}
     bool UseCompressedOops                        = true                           {product lp64_product} {ergonomic}
     bool UseLargePagesIndividualAllocation        = false                                  {pd product} {ergonomic}
     bool UseParallelGC                            = true                                      {product} {command line}

Logging:
Log output configuration:
 #0: stdout all=warning uptime,level,tags
 #1: stderr all=off uptime,level,tags

Environment Variables:
PATH=C:\Program Files (x86)\VMware\VMware Workstation\bin\;C:\Program Files (x86)\Common Files\Oracle\Java\javapath;C:\Program Files\Python310\Scripts\;C:\Program Files\Python310\;C:\WINDOWS\system32;C:\WINDOWS;C:\WINDOWS\System32\Wbem;C:\WINDOWS\System32\WindowsPowerShell\v1.0\;C:\WINDOWS\System32\OpenSSH\;C:\Program Files\Git\cmd;C:\wamp64\bin\php\php7.4.26;C:\ProgramData\ComposerSetup\bin;C:\Program Files\Symfony;C:\Program Files\nodejs\;C:\Users\ppgja\scoop\shims;C:\Program Files\MySQL\MySQL Shell 8.0\bin\;C:\Users\ppgja\AppData\Local\Microsoft\WindowsApps;C:\Program Files\JetBrains\PhpStorm 2021.3.2\bin;C:\Users\ppgja\AppData\Roaming\Composer\vendor\bin;C:\Users\ppgja\Desktop\FlutterDev\flutter\bin;C:\ProgramData\Microsoft\Windows\Start Menu\Programs\Python 3.10;C:\Users\ppgja\AppData\Roaming\npm;C:\wamp64\bin\php\php8.1.0;C:\Users\ppgja\AppData\Local\Programs\Microsoft VS Code\bin;C:\ProgramData\Microsoft\Windows\Start Menu\Programs\MySQL\MySQL Server 8.0;C:\Program Files\JetBrains\IntelliJ IDEA 2021.3.3\bin;;;C:\Program Files\JetBrains\WebStorm 2021.3.3\bin;
USERNAME=Bright
OS=Windows_NT
PROCESSOR_IDENTIFIER=AMD64 Family 21 Model 112 Stepping 0, AuthenticAMD



---------------  S Y S T E M  ---------------

OS:
 Windows 10 , 64 bit Build 19041 (10.0.19041.1706)
OS uptime: 1 days 13:05 hours

CPU: total 2 (initial active 2) (2 cores per cpu, 1 threads per core) family 21 model 112 stepping 0 microcode 0x0, cx8, cmov, fxsr, mmx, 3dnowpref, sse, sse2, sse3, ssse3, sse4a, sse4.1, sse4.2, popcnt, lzcnt, tsc, tscinvbit, avx, avx2, aes, clmul, bmi1, bmi2, fma, vzeroupper, clflush

Memory: 4k page, system-wide physical 3981M (225M free)
TotalPageFile size 11981M (AvailPageFile size 3M)
current process WorkingSet (physical memory assigned to process): 112M, peak: 112M
current process commit charge ("private bytes"): 199M, peak: 199M

vm_info: OpenJDK 64-Bit Server VM (17.0.2+8) for windows-amd64 JRE (17.0.2+8), built on Jan 20 2022 04:52:34 by "" with MS VC++ 16.7 (VS2019)

END.
